2021-10-25 21:22:16 -No active profile set, falling back to default profiles: default
2021-10-25 21:22:17 -Endpoint ID 'service-registry' contains invalid characters, please migrate to a valid format.
2021-10-25 21:22:17 -BeanFactory id=4d28ca78-0ff9-3e1e-b672-77c4e7e8c2a2
2021-10-25 21:22:17 -Bean 'com.tencent.cloud.metadata.config.MetadataConfiguration$MetadataRestTemplateConfig' of type [com.tencent.cloud.metadata.config.MetadataConfiguration$MetadataRestTemplateConfig$$EnhancerBySpringCGLIB$$73413e50] is not eligible for getting processed by all BeanPostProcessors (for example: not eligible for auto-proxying)
2021-10-25 21:22:17 -Bean 'metadataRestTemplateInterceptor' of type [com.tencent.cloud.metadata.core.interceptor.resttemplate.MetadataRestTemplateInterceptor] is not eligible for getting processed by all BeanPostProcessors (for example: not eligible for auto-proxying)
2021-10-25 21:22:17 -Tomcat initialized with port(s): 48081 (http)
2021-10-25 21:22:17 -Initializing ProtocolHandler ["http-nio-48081"]
2021-10-25 21:22:17 -Starting service [Tomcat]
2021-10-25 21:22:17 -Starting Servlet engine: [Apache Tomcat/9.0.45]
2021-10-25 21:22:17 -Loaded Apache Tomcat Native library [1.2.23] using APR version [1.7.0].
2021-10-25 21:22:17 -APR capabilities: IPv6 [true], sendfile [true], accept filters [false], random [true].
2021-10-25 21:22:17 -APR/OpenSSL configuration: useAprConnector [false], useOpenSSL [true]
2021-10-25 21:22:17 -OpenSSL successfully initialized [OpenSSL 1.1.1c  28 May 2019]
2021-10-25 21:22:17 -Initializing Spring embedded WebApplicationContext
2021-10-25 21:22:17 -Root WebApplicationContext: initialization completed in 1329 ms
2021-10-25 21:22:17 -No URLs will be polled as dynamic configuration sources.
2021-10-25 21:22:17 -To enable URLs as dynamic configuration sources, define System property archaius.configurationSource.additionalUrls or make config.properties available on classpath.
2021-10-25 21:22:17 -DynamicPropertyFactory is initialized with configuration sources: com.netflix.config.ConcurrentCompositeConfiguration@2dd8239
2021-10-25 21:22:18 -No URLs will be polled as dynamic configuration sources.
2021-10-25 21:22:18 -To enable URLs as dynamic configuration sources, define System property archaius.configurationSource.additionalUrls or make config.properties available on classpath.
2021-10-25 21:22:18 -Initializing ExecutorService 'applicationTaskExecutor'
2021-10-25 21:22:18 -[Configuration]success to load config stream from polaris.yml
2021-10-25 21:22:18 -[ServerConnector]cluster BUILTIN_CLUSTER, service null has been made ready
2021-10-25 21:22:18 -[ServerConnector]cluster SERVICE_DISCOVER_CLUSTER, service null has been made ready
2021-10-25 21:22:18 -[ServerConnector]cluster HEALTH_CHECK_CLUSTER, service null has been made ready
2021-10-25 21:22:18 -start to load local cache files from ./polaris/backup
2021-10-25 21:22:18 -loaded 3 services from local cache
2021-10-25 21:22:19 -Exposing 2 endpoint(s) beneath base path '/actuator'
2021-10-25 21:22:19 -Starting ProtocolHandler ["http-nio-48081"]
2021-10-25 21:22:19 -Tomcat started on port(s): 48081 (http) with context path ''
2021-10-25 21:22:21 -register default/DiscoveryCalleeService instance 1894b6a84660a9d455f213f2b68ae7416ab6ca7a succ
2021-10-25 21:22:21 -polaris registry, default DiscoveryCalleeService 10.133.10.170:48081 {} register finished
2021-10-25 21:22:22 -Started DiscoveryCalleeService in 8.818 seconds (JVM running for 11.041)
2021-10-25 21:23:02 -No active profile set, falling back to default profiles: default
2021-10-25 21:23:03 -Endpoint ID 'service-registry' contains invalid characters, please migrate to a valid format.
2021-10-25 21:23:03 -BeanFactory id=8c30941e-1f38-3483-9b82-11ab8994327d
2021-10-25 21:23:03 -Bean 'com.tencent.cloud.metadata.config.MetadataConfiguration$MetadataRestTemplateConfig' of type [com.tencent.cloud.metadata.config.MetadataConfiguration$MetadataRestTemplateConfig$$EnhancerBySpringCGLIB$$acc0ff11] is not eligible for getting processed by all BeanPostProcessors (for example: not eligible for auto-proxying)
2021-10-25 21:23:03 -Bean 'com.tencent.cloud.polaris.discovery.service.caller.DiscoveryCalleeService' of type [org.springframework.cloud.openfeign.FeignClientFactoryBean] is not eligible for getting processed by all BeanPostProcessors (for example: not eligible for auto-proxying)
2021-10-25 21:23:03 -Bean 'metadataRestTemplateInterceptor' of type [com.tencent.cloud.metadata.core.interceptor.resttemplate.MetadataRestTemplateInterceptor] is not eligible for getting processed by all BeanPostProcessors (for example: not eligible for auto-proxying)
2021-10-25 21:23:03 -Bean 'discoveryCallerService' of type [com.tencent.cloud.polaris.discovery.service.caller.DiscoveryCallerService$$EnhancerBySpringCGLIB$$ae8db8aa] is not eligible for getting processed by all BeanPostProcessors (for example: not eligible for auto-proxying)
2021-10-25 21:23:03 -Bean 'restTemplate' of type [org.springframework.web.client.RestTemplate] is not eligible for getting processed by all BeanPostProcessors (for example: not eligible for auto-proxying)
2021-10-25 21:23:04 -Tomcat initialized with port(s): 48080 (http)
2021-10-25 21:23:04 -Initializing ProtocolHandler ["http-nio-48080"]
2021-10-25 21:23:04 -Starting service [Tomcat]
2021-10-25 21:23:04 -Starting Servlet engine: [Apache Tomcat/9.0.45]
2021-10-25 21:23:04 -Loaded Apache Tomcat Native library [1.2.23] using APR version [1.7.0].
2021-10-25 21:23:04 -APR capabilities: IPv6 [true], sendfile [true], accept filters [false], random [true].
2021-10-25 21:23:04 -APR/OpenSSL configuration: useAprConnector [false], useOpenSSL [true]
2021-10-25 21:23:04 -OpenSSL successfully initialized [OpenSSL 1.1.1c  28 May 2019]
2021-10-25 21:23:04 -Initializing Spring embedded WebApplicationContext
2021-10-25 21:23:04 -Root WebApplicationContext: initialization completed in 1387 ms
2021-10-25 21:23:04 -No URLs will be polled as dynamic configuration sources.
2021-10-25 21:23:04 -To enable URLs as dynamic configuration sources, define System property archaius.configurationSource.additionalUrls or make config.properties available on classpath.
2021-10-25 21:23:04 -DynamicPropertyFactory is initialized with configuration sources: com.netflix.config.ConcurrentCompositeConfiguration@4e1ce44
2021-10-25 21:23:04 -No URLs will be polled as dynamic configuration sources.
2021-10-25 21:23:04 -To enable URLs as dynamic configuration sources, define System property archaius.configurationSource.additionalUrls or make config.properties available on classpath.
2021-10-25 21:23:04 -Initializing ExecutorService 'applicationTaskExecutor'
2021-10-25 21:23:04 -[Configuration]success to load config stream from polaris.yml
2021-10-25 21:23:05 -[ServerConnector]cluster BUILTIN_CLUSTER, service null has been made ready
2021-10-25 21:23:05 -[ServerConnector]cluster SERVICE_DISCOVER_CLUSTER, service null has been made ready
2021-10-25 21:23:05 -[ServerConnector]cluster HEALTH_CHECK_CLUSTER, service null has been made ready
2021-10-25 21:23:05 -start to load local cache files from ./polaris/backup
2021-10-25 21:23:05 -loaded 3 services from local cache
2021-10-25 21:23:06 -Exposing 2 endpoint(s) beneath base path '/actuator'
2021-10-25 21:23:06 -Starting ProtocolHandler ["http-nio-48080"]
2021-10-25 21:23:06 -Tomcat started on port(s): 48080 (http) with context path ''
2021-10-25 21:23:08 -register default/DiscoveryCallerService instance 1d4b466f6cf27f71d616ef10ad4ea86d51fe40e2 succ
2021-10-25 21:23:08 -polaris registry, default DiscoveryCallerService 10.133.10.170:48080 {} register finished
2021-10-25 21:23:09 -Started DiscoveryCallerService in 9.162 seconds (JVM running for 11.156)
2021-10-25 21:23:22 -Initializing Spring DispatcherServlet 'dispatcherServlet'
2021-10-25 21:23:22 -Initializing Servlet 'dispatcherServlet'
2021-10-25 21:23:22 -Completed initialization in 8 ms
2021-10-25 21:23:23 -Client: DiscoveryCalleeService instantiated a LoadBalancer: DynamicServerListLoadBalancer:{NFLoadBalancer:name=DiscoveryCalleeService,current list of Servers=[],Load balancer stats=Zone stats: {},Server stats: []}ServerList:null
2021-10-25 21:23:23 -Using serverListUpdater PollingServerListUpdater
2021-10-25 21:23:23 -[LocalRegistry]start to register service handler for ServiceEventKey{serviceKey=ServiceKey{namespace='default', service='DiscoveryCalleeService'}, eventType=INSTANCE}
2021-10-25 21:23:23 -[ServerConnector]task for service ServiceUpdateTask{taskType=FIRST, taskStatus=RUNNING, serviceEventKey=ServiceEventKey{serviceKey=ServiceKey{namespace='default', service='DiscoveryCalleeService'}, eventType=INSTANCE}, targetClusterType=SERVICE_DISCOVER_CLUSTER} has been scheduled discover
2021-10-25 21:23:23 -[ServerConnector]start to run first task ServiceUpdateTask{taskType=FIRST, taskStatus=RUNNING, serviceEventKey=ServiceEventKey{serviceKey=ServiceKey{namespace='default', service='DiscoveryCalleeService'}, eventType=INSTANCE}, targetClusterType=SERVICE_DISCOVER_CLUSTER}
2021-10-25 21:23:23 -[ServerConnector]success to create stream client for task ServiceUpdateTask{taskType=FIRST, taskStatus=RUNNING, serviceEventKey=ServiceEventKey{serviceKey=ServiceKey{namespace='default', service='DiscoveryCalleeService'}, eventType=INSTANCE}, targetClusterType=SERVICE_DISCOVER_CLUSTER}
2021-10-25 21:23:23 -[ServerConnector]send request(id=41) to ConnID{id='5be8dea0-e22d-4e54-8b7a-7443c5c0cf99', serviceKey=null, clusterType=SERVICE_DISCOVER_CLUSTER, host='127.0.0.1', port=8091} for service ServiceEventKey{serviceKey=ServiceKey{namespace='default', service='DiscoveryCalleeService'}, eventType=INSTANCE}
2021-10-25 21:23:23 -[ServerConnector]receive response for ServiceEventKey{serviceKey=ServiceKey{namespace='default', service='DiscoveryCalleeService'}, eventType=INSTANCE}
2021-10-25 21:23:23 -resource ServiceEventKey{serviceKey=ServiceKey{namespace='default', service='DiscoveryCalleeService'}, eventType=INSTANCE} has updated, compare status CacheChanged, old revision is cb66150d5f08eeae62b3e59cb73058974dd88192, old loadedFromFile is true, new revision is b83049cad1b3def449f30bbea860eefa1fa7d214
2021-10-25 21:23:23 -OnServiceUpdate: cache ServiceEventKey{serviceKey=ServiceKey{namespace='default', service='DiscoveryCalleeService'}, eventType=INSTANCE} is pending to update
2021-10-25 21:23:23 -CacheObject: value for ServiceEventKey{serviceKey=ServiceKey{namespace='default', service='DiscoveryCalleeService'}, eventType=INSTANCE} is updated, revision b83049cad1b3def449f30bbea860eefa1fa7d214
2021-10-25 21:23:23 -start to save service ServiceEventKey{serviceKey=ServiceKey{namespace='default', service='DiscoveryCalleeService'}, eventType=INSTANCE}
2021-10-25 21:23:23 -DynamicServerListLoadBalancer for client DiscoveryCalleeService initialized: DynamicServerListLoadBalancer:{NFLoadBalancer:name=DiscoveryCalleeService,current list of Servers=[10.133.10.170:48081, 127.0.0.1:48081],Load balancer stats=Zone stats: {unknown=[Zone:unknown;	Instance count:2;	Active connections count: 0;	Circuit breaker tripped count: 0;	Active connections per server: 0.0;]
},Server stats: [[Server:10.133.10.170:48081;	Zone:UNKNOWN;	Total Requests:0;	Successive connection failure:0;	Total blackout seconds:0;	Last connection made:Thu Jan 01 08:00:00 CST 1970;	First connection made: Thu Jan 01 08:00:00 CST 1970;	Active Connections:0;	total failure count in last (1000) msecs:0;	average resp time:0.0;	90 percentile resp time:0.0;	95 percentile resp time:0.0;	min resp time:0.0;	max resp time:0.0;	stddev resp time:0.0]
, [Server:127.0.0.1:48081;	Zone:UNKNOWN;	Total Requests:0;	Successive connection failure:0;	Total blackout seconds:0;	Last connection made:Thu Jan 01 08:00:00 CST 1970;	First connection made: Thu Jan 01 08:00:00 CST 1970;	Active Connections:0;	total failure count in last (1000) msecs:0;	average resp time:0.0;	90 percentile resp time:0.0;	95 percentile resp time:0.0;	min resp time:0.0;	max resp time:0.0;	stddev resp time:0.0]
]}ServerList:com.tencent.cloud.polaris.ribbon.PolarisServerList@1399b0a5
2021-10-25 21:23:23 -end to save service ServiceEventKey{serviceKey=ServiceKey{namespace='default', service='DiscoveryCalleeService'}, eventType=INSTANCE} to C:\Users\11863\Documents\GitHub\Polaris-Examples\springcloud-polaris-discovery-example\.\polaris\backup\svc#default#DiscoveryCalleeService#instance.yaml
2021-10-25 21:23:24 -[LocalRegistry]start to register service handler for ServiceEventKey{serviceKey=ServiceKey{namespace='default', service='DiscoveryCallerService'}, eventType=ROUTING}
2021-10-25 21:23:24 -[ServerConnector]task for service ServiceUpdateTask{taskType=FIRST, taskStatus=RUNNING, serviceEventKey=ServiceEventKey{serviceKey=ServiceKey{namespace='default', service='DiscoveryCallerService'}, eventType=ROUTING}, targetClusterType=SERVICE_DISCOVER_CLUSTER} has been scheduled discover
2021-10-25 21:23:24 -[LocalRegistry]start to register service handler for ServiceEventKey{serviceKey=ServiceKey{namespace='default', service='DiscoveryCalleeService'}, eventType=ROUTING}
2021-10-25 21:23:24 -[ServerConnector]task for service ServiceUpdateTask{taskType=FIRST, taskStatus=RUNNING, serviceEventKey=ServiceEventKey{serviceKey=ServiceKey{namespace='default', service='DiscoveryCalleeService'}, eventType=ROUTING}, targetClusterType=SERVICE_DISCOVER_CLUSTER} has been scheduled discover
2021-10-25 21:23:24 -[ServerConnector]start to run first task ServiceUpdateTask{taskType=FIRST, taskStatus=RUNNING, serviceEventKey=ServiceEventKey{serviceKey=ServiceKey{namespace='default', service='DiscoveryCallerService'}, eventType=ROUTING}, targetClusterType=SERVICE_DISCOVER_CLUSTER}
2021-10-25 21:23:24 -[ServerConnector]send request(id=41) to ConnID{id='5be8dea0-e22d-4e54-8b7a-7443c5c0cf99', serviceKey=null, clusterType=SERVICE_DISCOVER_CLUSTER, host='127.0.0.1', port=8091} for service ServiceEventKey{serviceKey=ServiceKey{namespace='default', service='DiscoveryCallerService'}, eventType=ROUTING}
2021-10-25 21:23:24 -[ServerConnector]start to run first task ServiceUpdateTask{taskType=FIRST, taskStatus=RUNNING, serviceEventKey=ServiceEventKey{serviceKey=ServiceKey{namespace='default', service='DiscoveryCalleeService'}, eventType=ROUTING}, targetClusterType=SERVICE_DISCOVER_CLUSTER}
2021-10-25 21:23:24 -[ServerConnector]send request(id=41) to ConnID{id='5be8dea0-e22d-4e54-8b7a-7443c5c0cf99', serviceKey=null, clusterType=SERVICE_DISCOVER_CLUSTER, host='127.0.0.1', port=8091} for service ServiceEventKey{serviceKey=ServiceKey{namespace='default', service='DiscoveryCalleeService'}, eventType=ROUTING}
2021-10-25 21:23:24 -[ServerConnector]receive response for ServiceEventKey{serviceKey=ServiceKey{namespace='default', service='DiscoveryCallerService'}, eventType=ROUTING}
2021-10-25 21:23:24 -resource ServiceEventKey{serviceKey=ServiceKey{namespace='default', service='DiscoveryCallerService'}, eventType=ROUTING} has updated, compare status CacheChanged, old revision is , old loadedFromFile is true, new revision is 
2021-10-25 21:23:24 -OnServiceUpdate: cache ServiceEventKey{serviceKey=ServiceKey{namespace='default', service='DiscoveryCallerService'}, eventType=ROUTING} is pending to update
2021-10-25 21:23:24 -CacheObject: value for ServiceEventKey{serviceKey=ServiceKey{namespace='default', service='DiscoveryCallerService'}, eventType=ROUTING} is updated, revision 
2021-10-25 21:23:24 -start to save service ServiceEventKey{serviceKey=ServiceKey{namespace='default', service='DiscoveryCallerService'}, eventType=ROUTING}
2021-10-25 21:23:24 -[ServerConnector]receive response for ServiceEventKey{serviceKey=ServiceKey{namespace='default', service='DiscoveryCalleeService'}, eventType=ROUTING}
2021-10-25 21:23:24 -resource ServiceEventKey{serviceKey=ServiceKey{namespace='default', service='DiscoveryCalleeService'}, eventType=ROUTING} has updated, compare status CacheChanged, old revision is , old loadedFromFile is true, new revision is 
2021-10-25 21:23:24 -OnServiceUpdate: cache ServiceEventKey{serviceKey=ServiceKey{namespace='default', service='DiscoveryCalleeService'}, eventType=ROUTING} is pending to update
2021-10-25 21:23:24 -CacheObject: value for ServiceEventKey{serviceKey=ServiceKey{namespace='default', service='DiscoveryCalleeService'}, eventType=ROUTING} is updated, revision 
2021-10-25 21:23:24 -end to save service ServiceEventKey{serviceKey=ServiceKey{namespace='default', service='DiscoveryCallerService'}, eventType=ROUTING} to C:\Users\11863\Documents\GitHub\Polaris-Examples\springcloud-polaris-discovery-example\.\polaris\backup\svc#default#DiscoveryCallerService#routing.yaml
2021-10-25 21:23:24 -start to save service ServiceEventKey{serviceKey=ServiceKey{namespace='default', service='DiscoveryCalleeService'}, eventType=ROUTING}
2021-10-25 21:23:24 -end to save service ServiceEventKey{serviceKey=ServiceKey{namespace='default', service='DiscoveryCalleeService'}, eventType=ROUTING} to C:\Users\11863\Documents\GitHub\Polaris-Examples\springcloud-polaris-discovery-example\.\polaris\backup\svc#default#DiscoveryCalleeService#routing.yaml
2021-10-25 21:23:24 -Initializing Spring DispatcherServlet 'dispatcherServlet'
2021-10-25 21:23:24 -Initializing Servlet 'dispatcherServlet'
2021-10-25 21:23:24 -Completed initialization in 5 ms
2021-10-25 21:23:25 -[ServerConnector]task for service ServiceUpdateTask{taskType=LONG_RUNNING, taskStatus=RUNNING, serviceEventKey=ServiceEventKey{serviceKey=ServiceKey{namespace='default', service='DiscoveryCalleeService'}, eventType=INSTANCE}, targetClusterType=SERVICE_DISCOVER_CLUSTER} has been scheduled discover
2021-10-25 21:23:26 -[ServerConnector]task for service ServiceUpdateTask{taskType=LONG_RUNNING, taskStatus=RUNNING, serviceEventKey=ServiceEventKey{serviceKey=ServiceKey{namespace='default', service='DiscoveryCallerService'}, eventType=ROUTING}, targetClusterType=SERVICE_DISCOVER_CLUSTER} has been scheduled discover
2021-10-25 21:23:26 -[ServerConnector]task for service ServiceUpdateTask{taskType=LONG_RUNNING, taskStatus=RUNNING, serviceEventKey=ServiceEventKey{serviceKey=ServiceKey{namespace='default', service='DiscoveryCalleeService'}, eventType=ROUTING}, targetClusterType=SERVICE_DISCOVER_CLUSTER} has been scheduled discover
2021-10-25 21:23:28 -[ServerConnector]task for service ServiceUpdateTask{taskType=LONG_RUNNING, taskStatus=RUNNING, serviceEventKey=ServiceEventKey{serviceKey=ServiceKey{namespace='default', service='DiscoveryCallerService'}, eventType=ROUTING}, targetClusterType=SERVICE_DISCOVER_CLUSTER} has been scheduled discover
2021-10-25 21:23:28 -[ServerConnector]task for service ServiceUpdateTask{taskType=LONG_RUNNING, taskStatus=RUNNING, serviceEventKey=ServiceEventKey{serviceKey=ServiceKey{namespace='default', service='DiscoveryCalleeService'}, eventType=INSTANCE}, targetClusterType=SERVICE_DISCOVER_CLUSTER} has been scheduled discover
2021-10-25 21:23:29 -[ServerConnector]task for service ServiceUpdateTask{taskType=LONG_RUNNING, taskStatus=RUNNING, serviceEventKey=ServiceEventKey{serviceKey=ServiceKey{namespace='default', service='DiscoveryCalleeService'}, eventType=ROUTING}, targetClusterType=SERVICE_DISCOVER_CLUSTER} has been scheduled discover
2021-10-25 21:23:31 -[ServerConnector]task for service ServiceUpdateTask{taskType=LONG_RUNNING, taskStatus=RUNNING, serviceEventKey=ServiceEventKey{serviceKey=ServiceKey{namespace='default', service='DiscoveryCallerService'}, eventType=ROUTING}, targetClusterType=SERVICE_DISCOVER_CLUSTER} has been scheduled discover
2021-10-25 21:23:31 -[ServerConnector]task for service ServiceUpdateTask{taskType=LONG_RUNNING, taskStatus=RUNNING, serviceEventKey=ServiceEventKey{serviceKey=ServiceKey{namespace='default', service='DiscoveryCalleeService'}, eventType=INSTANCE}, targetClusterType=SERVICE_DISCOVER_CLUSTER} has been scheduled discover
2021-10-25 21:23:31 -[ServerConnector]task for service ServiceUpdateTask{taskType=LONG_RUNNING, taskStatus=RUNNING, serviceEventKey=ServiceEventKey{serviceKey=ServiceKey{namespace='default', service='DiscoveryCalleeService'}, eventType=ROUTING}, targetClusterType=SERVICE_DISCOVER_CLUSTER} has been scheduled discover
2021-10-25 21:23:33 -[ServerConnector]task for service ServiceUpdateTask{taskType=LONG_RUNNING, taskStatus=RUNNING, serviceEventKey=ServiceEventKey{serviceKey=ServiceKey{namespace='default', service='DiscoveryCallerService'}, eventType=ROUTING}, targetClusterType=SERVICE_DISCOVER_CLUSTER} has been scheduled discover
2021-10-25 21:23:34 -[ServerConnector]task for service ServiceUpdateTask{taskType=LONG_RUNNING, taskStatus=RUNNING, serviceEventKey=ServiceEventKey{serviceKey=ServiceKey{namespace='default', service='DiscoveryCalleeService'}, eventType=ROUTING}, targetClusterType=SERVICE_DISCOVER_CLUSTER} has been scheduled discover
2021-10-25 21:23:34 -[ServerConnector]task for service ServiceUpdateTask{taskType=LONG_RUNNING, taskStatus=RUNNING, serviceEventKey=ServiceEventKey{serviceKey=ServiceKey{namespace='default', service='DiscoveryCalleeService'}, eventType=INSTANCE}, targetClusterType=SERVICE_DISCOVER_CLUSTER} has been scheduled discover
2021-10-25 21:23:36 -[ServerConnector]task for service ServiceUpdateTask{taskType=LONG_RUNNING, taskStatus=RUNNING, serviceEventKey=ServiceEventKey{serviceKey=ServiceKey{namespace='default', service='DiscoveryCallerService'}, eventType=ROUTING}, targetClusterType=SERVICE_DISCOVER_CLUSTER} has been scheduled discover
2021-10-25 21:23:36 -[ServerConnector]task for service ServiceUpdateTask{taskType=LONG_RUNNING, taskStatus=RUNNING, serviceEventKey=ServiceEventKey{serviceKey=ServiceKey{namespace='default', service='DiscoveryCalleeService'}, eventType=ROUTING}, targetClusterType=SERVICE_DISCOVER_CLUSTER} has been scheduled discover
2021-10-25 21:23:37 -[ServerConnector]task for service ServiceUpdateTask{taskType=LONG_RUNNING, taskStatus=RUNNING, serviceEventKey=ServiceEventKey{serviceKey=ServiceKey{namespace='default', service='DiscoveryCalleeService'}, eventType=INSTANCE}, targetClusterType=SERVICE_DISCOVER_CLUSTER} has been scheduled discover
2021-10-25 21:23:39 -[ServerConnector]task for service ServiceUpdateTask{taskType=LONG_RUNNING, taskStatus=RUNNING, serviceEventKey=ServiceEventKey{serviceKey=ServiceKey{namespace='default', service='DiscoveryCallerService'}, eventType=ROUTING}, targetClusterType=SERVICE_DISCOVER_CLUSTER} has been scheduled discover
2021-10-25 21:23:39 -[ServerConnector]task for service ServiceUpdateTask{taskType=LONG_RUNNING, taskStatus=RUNNING, serviceEventKey=ServiceEventKey{serviceKey=ServiceKey{namespace='default', service='DiscoveryCalleeService'}, eventType=ROUTING}, targetClusterType=SERVICE_DISCOVER_CLUSTER} has been scheduled discover
2021-10-25 21:23:41 -[ServerConnector]task for service ServiceUpdateTask{taskType=LONG_RUNNING, taskStatus=RUNNING, serviceEventKey=ServiceEventKey{serviceKey=ServiceKey{namespace='default', service='DiscoveryCalleeService'}, eventType=INSTANCE}, targetClusterType=SERVICE_DISCOVER_CLUSTER} has been scheduled discover
2021-10-25 21:23:41 -[ServerConnector]task for service ServiceUpdateTask{taskType=LONG_RUNNING, taskStatus=RUNNING, serviceEventKey=ServiceEventKey{serviceKey=ServiceKey{namespace='default', service='DiscoveryCallerService'}, eventType=ROUTING}, targetClusterType=SERVICE_DISCOVER_CLUSTER} has been scheduled discover
2021-10-25 21:23:42 -[ServerConnector]task for service ServiceUpdateTask{taskType=LONG_RUNNING, taskStatus=RUNNING, serviceEventKey=ServiceEventKey{serviceKey=ServiceKey{namespace='default', service='DiscoveryCalleeService'}, eventType=ROUTING}, targetClusterType=SERVICE_DISCOVER_CLUSTER} has been scheduled discover
2021-10-25 21:23:44 -[ServerConnector]task for service ServiceUpdateTask{taskType=LONG_RUNNING, taskStatus=RUNNING, serviceEventKey=ServiceEventKey{serviceKey=ServiceKey{namespace='default', service='DiscoveryCallerService'}, eventType=ROUTING}, targetClusterType=SERVICE_DISCOVER_CLUSTER} has been scheduled discover
2021-10-25 21:23:44 -[ServerConnector]task for service ServiceUpdateTask{taskType=LONG_RUNNING, taskStatus=RUNNING, serviceEventKey=ServiceEventKey{serviceKey=ServiceKey{namespace='default', service='DiscoveryCalleeService'}, eventType=INSTANCE}, targetClusterType=SERVICE_DISCOVER_CLUSTER} has been scheduled discover
2021-10-25 21:23:44 -[ServerConnector]task for service ServiceUpdateTask{taskType=LONG_RUNNING, taskStatus=RUNNING, serviceEventKey=ServiceEventKey{serviceKey=ServiceKey{namespace='default', service='DiscoveryCalleeService'}, eventType=ROUTING}, targetClusterType=SERVICE_DISCOVER_CLUSTER} has been scheduled discover
2021-10-25 21:23:46 -[ServerConnector]task for service ServiceUpdateTask{taskType=LONG_RUNNING, taskStatus=RUNNING, serviceEventKey=ServiceEventKey{serviceKey=ServiceKey{namespace='default', service='DiscoveryCallerService'}, eventType=ROUTING}, targetClusterType=SERVICE_DISCOVER_CLUSTER} has been scheduled discover
2021-10-25 21:23:47 -[ServerConnector]task for service ServiceUpdateTask{taskType=LONG_RUNNING, taskStatus=RUNNING, serviceEventKey=ServiceEventKey{serviceKey=ServiceKey{namespace='default', service='DiscoveryCalleeService'}, eventType=INSTANCE}, targetClusterType=SERVICE_DISCOVER_CLUSTER} has been scheduled discover
2021-10-25 21:23:47 -[ServerConnector]task for service ServiceUpdateTask{taskType=LONG_RUNNING, taskStatus=RUNNING, serviceEventKey=ServiceEventKey{serviceKey=ServiceKey{namespace='default', service='DiscoveryCalleeService'}, eventType=ROUTING}, targetClusterType=SERVICE_DISCOVER_CLUSTER} has been scheduled discover
2021-10-25 21:23:49 -[ServerConnector]task for service ServiceUpdateTask{taskType=LONG_RUNNING, taskStatus=RUNNING, serviceEventKey=ServiceEventKey{serviceKey=ServiceKey{namespace='default', service='DiscoveryCallerService'}, eventType=ROUTING}, targetClusterType=SERVICE_DISCOVER_CLUSTER} has been scheduled discover
2021-10-25 21:23:49 -[ServerConnector]task for service ServiceUpdateTask{taskType=LONG_RUNNING, taskStatus=RUNNING, serviceEventKey=ServiceEventKey{serviceKey=ServiceKey{namespace='default', service='DiscoveryCalleeService'}, eventType=ROUTING}, targetClusterType=SERVICE_DISCOVER_CLUSTER} has been scheduled discover
2021-10-25 21:23:50 -[ServerConnector]task for service ServiceUpdateTask{taskType=LONG_RUNNING, taskStatus=RUNNING, serviceEventKey=ServiceEventKey{serviceKey=ServiceKey{namespace='default', service='DiscoveryCalleeService'}, eventType=INSTANCE}, targetClusterType=SERVICE_DISCOVER_CLUSTER} has been scheduled discover
2021-10-25 21:23:51 -[ServerConnector]task for service ServiceUpdateTask{taskType=LONG_RUNNING, taskStatus=RUNNING, serviceEventKey=ServiceEventKey{serviceKey=ServiceKey{namespace='default', service='DiscoveryCallerService'}, eventType=ROUTING}, targetClusterType=SERVICE_DISCOVER_CLUSTER} has been scheduled discover
2021-10-25 21:23:52 -[ServerConnector]task for service ServiceUpdateTask{taskType=LONG_RUNNING, taskStatus=RUNNING, serviceEventKey=ServiceEventKey{serviceKey=ServiceKey{namespace='default', service='DiscoveryCalleeService'}, eventType=ROUTING}, targetClusterType=SERVICE_DISCOVER_CLUSTER} has been scheduled discover
2021-10-25 21:23:53 -[ServerConnector]task for service ServiceUpdateTask{taskType=LONG_RUNNING, taskStatus=RUNNING, serviceEventKey=ServiceEventKey{serviceKey=ServiceKey{namespace='default', service='DiscoveryCalleeService'}, eventType=INSTANCE}, targetClusterType=SERVICE_DISCOVER_CLUSTER} has been scheduled discover
2021-10-25 21:23:54 -[ServerConnector]task for service ServiceUpdateTask{taskType=LONG_RUNNING, taskStatus=RUNNING, serviceEventKey=ServiceEventKey{serviceKey=ServiceKey{namespace='default', service='DiscoveryCallerService'}, eventType=ROUTING}, targetClusterType=SERVICE_DISCOVER_CLUSTER} has been scheduled discover
2021-10-25 21:23:54 -[ServerConnector]task for service ServiceUpdateTask{taskType=LONG_RUNNING, taskStatus=RUNNING, serviceEventKey=ServiceEventKey{serviceKey=ServiceKey{namespace='default', service='DiscoveryCalleeService'}, eventType=ROUTING}, targetClusterType=SERVICE_DISCOVER_CLUSTER} has been scheduled discover
2021-10-25 21:23:56 -[ServerConnector]task for service ServiceUpdateTask{taskType=LONG_RUNNING, taskStatus=RUNNING, serviceEventKey=ServiceEventKey{serviceKey=ServiceKey{namespace='default', service='DiscoveryCalleeService'}, eventType=INSTANCE}, targetClusterType=SERVICE_DISCOVER_CLUSTER} has been scheduled discover
2021-10-25 21:23:56 -[ServerConnector]task for service ServiceUpdateTask{taskType=LONG_RUNNING, taskStatus=RUNNING, serviceEventKey=ServiceEventKey{serviceKey=ServiceKey{namespace='default', service='DiscoveryCallerService'}, eventType=ROUTING}, targetClusterType=SERVICE_DISCOVER_CLUSTER} has been scheduled discover
2021-10-25 21:23:57 -[ServerConnector]task for service ServiceUpdateTask{taskType=LONG_RUNNING, taskStatus=RUNNING, serviceEventKey=ServiceEventKey{serviceKey=ServiceKey{namespace='default', service='DiscoveryCalleeService'}, eventType=ROUTING}, targetClusterType=SERVICE_DISCOVER_CLUSTER} has been scheduled discover
2021-10-25 21:23:59 -[ServerConnector]task for service ServiceUpdateTask{taskType=LONG_RUNNING, taskStatus=RUNNING, serviceEventKey=ServiceEventKey{serviceKey=ServiceKey{namespace='default', service='DiscoveryCallerService'}, eventType=ROUTING}, targetClusterType=SERVICE_DISCOVER_CLUSTER} has been scheduled discover
2021-10-25 21:23:59 -[ServerConnector]task for service ServiceUpdateTask{taskType=LONG_RUNNING, taskStatus=RUNNING, serviceEventKey=ServiceEventKey{serviceKey=ServiceKey{namespace='default', service='DiscoveryCalleeService'}, eventType=INSTANCE}, targetClusterType=SERVICE_DISCOVER_CLUSTER} has been scheduled discover
2021-10-25 21:23:59 -[ServerConnector]task for service ServiceUpdateTask{taskType=LONG_RUNNING, taskStatus=RUNNING, serviceEventKey=ServiceEventKey{serviceKey=ServiceKey{namespace='default', service='DiscoveryCalleeService'}, eventType=ROUTING}, targetClusterType=SERVICE_DISCOVER_CLUSTER} has been scheduled discover
2021-10-25 21:24:01 -[ServerConnector]task for service ServiceUpdateTask{taskType=LONG_RUNNING, taskStatus=RUNNING, serviceEventKey=ServiceEventKey{serviceKey=ServiceKey{namespace='default', service='DiscoveryCallerService'}, eventType=ROUTING}, targetClusterType=SERVICE_DISCOVER_CLUSTER} has been scheduled discover
2021-10-25 21:24:02 -[ServerConnector]task for service ServiceUpdateTask{taskType=LONG_RUNNING, taskStatus=RUNNING, serviceEventKey=ServiceEventKey{serviceKey=ServiceKey{namespace='default', service='DiscoveryCalleeService'}, eventType=INSTANCE}, targetClusterType=SERVICE_DISCOVER_CLUSTER} has been scheduled discover
2021-10-25 21:24:02 -[ServerConnector]task for service ServiceUpdateTask{taskType=LONG_RUNNING, taskStatus=RUNNING, serviceEventKey=ServiceEventKey{serviceKey=ServiceKey{namespace='default', service='DiscoveryCalleeService'}, eventType=ROUTING}, targetClusterType=SERVICE_DISCOVER_CLUSTER} has been scheduled discover
2021-10-25 21:24:04 -[ServerConnector]task for service ServiceUpdateTask{taskType=LONG_RUNNING, taskStatus=RUNNING, serviceEventKey=ServiceEventKey{serviceKey=ServiceKey{namespace='default', service='DiscoveryCallerService'}, eventType=ROUTING}, targetClusterType=SERVICE_DISCOVER_CLUSTER} has been scheduled discover
2021-10-25 21:24:04 -[ServerConnector]task for service ServiceUpdateTask{taskType=LONG_RUNNING, taskStatus=RUNNING, serviceEventKey=ServiceEventKey{serviceKey=ServiceKey{namespace='default', service='DiscoveryCalleeService'}, eventType=ROUTING}, targetClusterType=SERVICE_DISCOVER_CLUSTER} has been scheduled discover
2021-10-25 21:24:05 -[ServerConnector]task for service ServiceUpdateTask{taskType=LONG_RUNNING, taskStatus=RUNNING, serviceEventKey=ServiceEventKey{serviceKey=ServiceKey{namespace='default', service='DiscoveryCalleeService'}, eventType=INSTANCE}, targetClusterType=SERVICE_DISCOVER_CLUSTER} has been scheduled discover
2021-10-25 21:24:06 -[ServerConnector]task for service ServiceUpdateTask{taskType=LONG_RUNNING, taskStatus=RUNNING, serviceEventKey=ServiceEventKey{serviceKey=ServiceKey{namespace='default', service='DiscoveryCallerService'}, eventType=ROUTING}, targetClusterType=SERVICE_DISCOVER_CLUSTER} has been scheduled discover
2021-10-25 21:24:07 -[ServerConnector]task for service ServiceUpdateTask{taskType=LONG_RUNNING, taskStatus=RUNNING, serviceEventKey=ServiceEventKey{serviceKey=ServiceKey{namespace='default', service='DiscoveryCalleeService'}, eventType=ROUTING}, targetClusterType=SERVICE_DISCOVER_CLUSTER} has been scheduled discover
2021-10-25 21:24:08 -[ServerConnector]task for service ServiceUpdateTask{taskType=LONG_RUNNING, taskStatus=RUNNING, serviceEventKey=ServiceEventKey{serviceKey=ServiceKey{namespace='default', service='DiscoveryCalleeService'}, eventType=INSTANCE}, targetClusterType=SERVICE_DISCOVER_CLUSTER} has been scheduled discover
2021-10-25 21:24:09 -[ServerConnector]task for service ServiceUpdateTask{taskType=LONG_RUNNING, taskStatus=RUNNING, serviceEventKey=ServiceEventKey{serviceKey=ServiceKey{namespace='default', service='DiscoveryCallerService'}, eventType=ROUTING}, targetClusterType=SERVICE_DISCOVER_CLUSTER} has been scheduled discover
2021-10-25 21:24:09 -[ServerConnector]task for service ServiceUpdateTask{taskType=LONG_RUNNING, taskStatus=RUNNING, serviceEventKey=ServiceEventKey{serviceKey=ServiceKey{namespace='default', service='DiscoveryCalleeService'}, eventType=ROUTING}, targetClusterType=SERVICE_DISCOVER_CLUSTER} has been scheduled discover
2021-10-25 21:24:11 -[ServerConnector]task for service ServiceUpdateTask{taskType=LONG_RUNNING, taskStatus=RUNNING, serviceEventKey=ServiceEventKey{serviceKey=ServiceKey{namespace='default', service='DiscoveryCalleeService'}, eventType=INSTANCE}, targetClusterType=SERVICE_DISCOVER_CLUSTER} has been scheduled discover
2021-10-25 21:24:11 -[ServerConnector]task for service ServiceUpdateTask{taskType=LONG_RUNNING, taskStatus=RUNNING, serviceEventKey=ServiceEventKey{serviceKey=ServiceKey{namespace='default', service='DiscoveryCallerService'}, eventType=ROUTING}, targetClusterType=SERVICE_DISCOVER_CLUSTER} has been scheduled discover
2021-10-25 21:24:12 -[ServerConnector]task for service ServiceUpdateTask{taskType=LONG_RUNNING, taskStatus=RUNNING, serviceEventKey=ServiceEventKey{serviceKey=ServiceKey{namespace='default', service='DiscoveryCalleeService'}, eventType=ROUTING}, targetClusterType=SERVICE_DISCOVER_CLUSTER} has been scheduled discover
2021-10-25 21:24:14 -[ServerConnector]task for service ServiceUpdateTask{taskType=LONG_RUNNING, taskStatus=RUNNING, serviceEventKey=ServiceEventKey{serviceKey=ServiceKey{namespace='default', service='DiscoveryCallerService'}, eventType=ROUTING}, targetClusterType=SERVICE_DISCOVER_CLUSTER} has been scheduled discover
2021-10-25 21:24:14 -[ServerConnector]task for service ServiceUpdateTask{taskType=LONG_RUNNING, taskStatus=RUNNING, serviceEventKey=ServiceEventKey{serviceKey=ServiceKey{namespace='default', service='DiscoveryCalleeService'}, eventType=INSTANCE}, targetClusterType=SERVICE_DISCOVER_CLUSTER} has been scheduled discover
2021-10-25 21:24:14 -[ServerConnector]task for service ServiceUpdateTask{taskType=LONG_RUNNING, taskStatus=RUNNING, serviceEventKey=ServiceEventKey{serviceKey=ServiceKey{namespace='default', service='DiscoveryCalleeService'}, eventType=ROUTING}, targetClusterType=SERVICE_DISCOVER_CLUSTER} has been scheduled discover
2021-10-25 21:24:16 -[ServerConnector]task for service ServiceUpdateTask{taskType=LONG_RUNNING, taskStatus=RUNNING, serviceEventKey=ServiceEventKey{serviceKey=ServiceKey{namespace='default', service='DiscoveryCallerService'}, eventType=ROUTING}, targetClusterType=SERVICE_DISCOVER_CLUSTER} has been scheduled discover
2021-10-25 21:24:17 -[ServerConnector]task for service ServiceUpdateTask{taskType=LONG_RUNNING, taskStatus=RUNNING, serviceEventKey=ServiceEventKey{serviceKey=ServiceKey{namespace='default', service='DiscoveryCalleeService'}, eventType=INSTANCE}, targetClusterType=SERVICE_DISCOVER_CLUSTER} has been scheduled discover
2021-10-25 21:24:17 -[ServerConnector]task for service ServiceUpdateTask{taskType=LONG_RUNNING, taskStatus=RUNNING, serviceEventKey=ServiceEventKey{serviceKey=ServiceKey{namespace='default', service='DiscoveryCalleeService'}, eventType=ROUTING}, targetClusterType=SERVICE_DISCOVER_CLUSTER} has been scheduled discover
2021-10-25 21:24:19 -[ServerConnector]task for service ServiceUpdateTask{taskType=LONG_RUNNING, taskStatus=RUNNING, serviceEventKey=ServiceEventKey{serviceKey=ServiceKey{namespace='default', service='DiscoveryCallerService'}, eventType=ROUTING}, targetClusterType=SERVICE_DISCOVER_CLUSTER} has been scheduled discover
2021-10-25 21:24:19 -[ServerConnector]task for service ServiceUpdateTask{taskType=LONG_RUNNING, taskStatus=RUNNING, serviceEventKey=ServiceEventKey{serviceKey=ServiceKey{namespace='default', service='DiscoveryCalleeService'}, eventType=ROUTING}, targetClusterType=SERVICE_DISCOVER_CLUSTER} has been scheduled discover
2021-10-25 21:24:20 -[ServerConnector]task for service ServiceUpdateTask{taskType=LONG_RUNNING, taskStatus=RUNNING, serviceEventKey=ServiceEventKey{serviceKey=ServiceKey{namespace='default', service='DiscoveryCalleeService'}, eventType=INSTANCE}, targetClusterType=SERVICE_DISCOVER_CLUSTER} has been scheduled discover
2021-10-25 21:24:21 -[ServerConnector]task for service ServiceUpdateTask{taskType=LONG_RUNNING, taskStatus=RUNNING, serviceEventKey=ServiceEventKey{serviceKey=ServiceKey{namespace='default', service='DiscoveryCallerService'}, eventType=ROUTING}, targetClusterType=SERVICE_DISCOVER_CLUSTER} has been scheduled discover
2021-10-25 21:24:22 -[ServerConnector]task for service ServiceUpdateTask{taskType=LONG_RUNNING, taskStatus=RUNNING, serviceEventKey=ServiceEventKey{serviceKey=ServiceKey{namespace='default', service='DiscoveryCalleeService'}, eventType=ROUTING}, targetClusterType=SERVICE_DISCOVER_CLUSTER} has been scheduled discover
2021-10-25 21:24:23 -[ServerConnector]task for service ServiceUpdateTask{taskType=LONG_RUNNING, taskStatus=RUNNING, serviceEventKey=ServiceEventKey{serviceKey=ServiceKey{namespace='default', service='DiscoveryCalleeService'}, eventType=INSTANCE}, targetClusterType=SERVICE_DISCOVER_CLUSTER} has been scheduled discover
2021-10-25 21:24:24 -[ServerConnector]task for service ServiceUpdateTask{taskType=LONG_RUNNING, taskStatus=RUNNING, serviceEventKey=ServiceEventKey{serviceKey=ServiceKey{namespace='default', service='DiscoveryCallerService'}, eventType=ROUTING}, targetClusterType=SERVICE_DISCOVER_CLUSTER} has been scheduled discover
2021-10-25 21:24:24 -[ServerConnector]task for service ServiceUpdateTask{taskType=LONG_RUNNING, taskStatus=RUNNING, serviceEventKey=ServiceEventKey{serviceKey=ServiceKey{namespace='default', service='DiscoveryCalleeService'}, eventType=ROUTING}, targetClusterType=SERVICE_DISCOVER_CLUSTER} has been scheduled discover
2021-10-25 21:24:26 -[ServerConnector]task for service ServiceUpdateTask{taskType=LONG_RUNNING, taskStatus=RUNNING, serviceEventKey=ServiceEventKey{serviceKey=ServiceKey{namespace='default', service='DiscoveryCalleeService'}, eventType=INSTANCE}, targetClusterType=SERVICE_DISCOVER_CLUSTER} has been scheduled discover
2021-10-25 21:24:26 -[ServerConnector]task for service ServiceUpdateTask{taskType=LONG_RUNNING, taskStatus=RUNNING, serviceEventKey=ServiceEventKey{serviceKey=ServiceKey{namespace='default', service='DiscoveryCallerService'}, eventType=ROUTING}, targetClusterType=SERVICE_DISCOVER_CLUSTER} has been scheduled discover
2021-10-25 21:24:27 -[ServerConnector]task for service ServiceUpdateTask{taskType=LONG_RUNNING, taskStatus=RUNNING, serviceEventKey=ServiceEventKey{serviceKey=ServiceKey{namespace='default', service='DiscoveryCalleeService'}, eventType=ROUTING}, targetClusterType=SERVICE_DISCOVER_CLUSTER} has been scheduled discover
2021-10-25 21:24:29 -[ServerConnector]task for service ServiceUpdateTask{taskType=LONG_RUNNING, taskStatus=RUNNING, serviceEventKey=ServiceEventKey{serviceKey=ServiceKey{namespace='default', service='DiscoveryCallerService'}, eventType=ROUTING}, targetClusterType=SERVICE_DISCOVER_CLUSTER} has been scheduled discover
2021-10-25 21:24:29 -[ServerConnector]task for service ServiceUpdateTask{taskType=LONG_RUNNING, taskStatus=RUNNING, serviceEventKey=ServiceEventKey{serviceKey=ServiceKey{namespace='default', service='DiscoveryCalleeService'}, eventType=INSTANCE}, targetClusterType=SERVICE_DISCOVER_CLUSTER} has been scheduled discover
2021-10-25 21:24:29 -[ServerConnector]task for service ServiceUpdateTask{taskType=LONG_RUNNING, taskStatus=RUNNING, serviceEventKey=ServiceEventKey{serviceKey=ServiceKey{namespace='default', service='DiscoveryCalleeService'}, eventType=ROUTING}, targetClusterType=SERVICE_DISCOVER_CLUSTER} has been scheduled discover
2021-10-25 21:24:31 -[ServerConnector]task for service ServiceUpdateTask{taskType=LONG_RUNNING, taskStatus=RUNNING, serviceEventKey=ServiceEventKey{serviceKey=ServiceKey{namespace='default', service='DiscoveryCallerService'}, eventType=ROUTING}, targetClusterType=SERVICE_DISCOVER_CLUSTER} has been scheduled discover
2021-10-25 21:24:32 -[ServerConnector]task for service ServiceUpdateTask{taskType=LONG_RUNNING, taskStatus=RUNNING, serviceEventKey=ServiceEventKey{serviceKey=ServiceKey{namespace='default', service='DiscoveryCalleeService'}, eventType=INSTANCE}, targetClusterType=SERVICE_DISCOVER_CLUSTER} has been scheduled discover
2021-10-25 21:24:32 -[ServerConnector]task for service ServiceUpdateTask{taskType=LONG_RUNNING, taskStatus=RUNNING, serviceEventKey=ServiceEventKey{serviceKey=ServiceKey{namespace='default', service='DiscoveryCalleeService'}, eventType=ROUTING}, targetClusterType=SERVICE_DISCOVER_CLUSTER} has been scheduled discover
2021-10-25 21:24:34 -[ServerConnector]task for service ServiceUpdateTask{taskType=LONG_RUNNING, taskStatus=RUNNING, serviceEventKey=ServiceEventKey{serviceKey=ServiceKey{namespace='default', service='DiscoveryCallerService'}, eventType=ROUTING}, targetClusterType=SERVICE_DISCOVER_CLUSTER} has been scheduled discover
2021-10-25 21:24:34 -[ServerConnector]task for service ServiceUpdateTask{taskType=LONG_RUNNING, taskStatus=RUNNING, serviceEventKey=ServiceEventKey{serviceKey=ServiceKey{namespace='default', service='DiscoveryCalleeService'}, eventType=ROUTING}, targetClusterType=SERVICE_DISCOVER_CLUSTER} has been scheduled discover
2021-10-25 21:24:35 -[ServerConnector]task for service ServiceUpdateTask{taskType=LONG_RUNNING, taskStatus=RUNNING, serviceEventKey=ServiceEventKey{serviceKey=ServiceKey{namespace='default', service='DiscoveryCalleeService'}, eventType=INSTANCE}, targetClusterType=SERVICE_DISCOVER_CLUSTER} has been scheduled discover
2021-10-25 21:24:37 -[ServerConnector]task for service ServiceUpdateTask{taskType=LONG_RUNNING, taskStatus=RUNNING, serviceEventKey=ServiceEventKey{serviceKey=ServiceKey{namespace='default', service='DiscoveryCallerService'}, eventType=ROUTING}, targetClusterType=SERVICE_DISCOVER_CLUSTER} has been scheduled discover
2021-10-25 21:24:37 -[ServerConnector]task for service ServiceUpdateTask{taskType=LONG_RUNNING, taskStatus=RUNNING, serviceEventKey=ServiceEventKey{serviceKey=ServiceKey{namespace='default', service='DiscoveryCalleeService'}, eventType=ROUTING}, targetClusterType=SERVICE_DISCOVER_CLUSTER} has been scheduled discover
2021-10-25 21:24:38 -[ServerConnector]task for service ServiceUpdateTask{taskType=LONG_RUNNING, taskStatus=RUNNING, serviceEventKey=ServiceEventKey{serviceKey=ServiceKey{namespace='default', service='DiscoveryCalleeService'}, eventType=INSTANCE}, targetClusterType=SERVICE_DISCOVER_CLUSTER} has been scheduled discover
2021-10-25 21:24:39 -[ServerConnector]task for service ServiceUpdateTask{taskType=LONG_RUNNING, taskStatus=RUNNING, serviceEventKey=ServiceEventKey{serviceKey=ServiceKey{namespace='default', service='DiscoveryCallerService'}, eventType=ROUTING}, targetClusterType=SERVICE_DISCOVER_CLUSTER} has been scheduled discover
2021-10-25 21:24:40 -[ServerConnector]task for service ServiceUpdateTask{taskType=LONG_RUNNING, taskStatus=RUNNING, serviceEventKey=ServiceEventKey{serviceKey=ServiceKey{namespace='default', service='DiscoveryCalleeService'}, eventType=ROUTING}, targetClusterType=SERVICE_DISCOVER_CLUSTER} has been scheduled discover
2021-10-25 21:24:41 -[ServerConnector]task for service ServiceUpdateTask{taskType=LONG_RUNNING, taskStatus=RUNNING, serviceEventKey=ServiceEventKey{serviceKey=ServiceKey{namespace='default', service='DiscoveryCalleeService'}, eventType=INSTANCE}, targetClusterType=SERVICE_DISCOVER_CLUSTER} has been scheduled discover
2021-10-25 21:24:42 -[ServerConnector]task for service ServiceUpdateTask{taskType=LONG_RUNNING, taskStatus=RUNNING, serviceEventKey=ServiceEventKey{serviceKey=ServiceKey{namespace='default', service='DiscoveryCallerService'}, eventType=ROUTING}, targetClusterType=SERVICE_DISCOVER_CLUSTER} has been scheduled discover
2021-10-25 21:24:42 -[ServerConnector]task for service ServiceUpdateTask{taskType=LONG_RUNNING, taskStatus=RUNNING, serviceEventKey=ServiceEventKey{serviceKey=ServiceKey{namespace='default', service='DiscoveryCalleeService'}, eventType=ROUTING}, targetClusterType=SERVICE_DISCOVER_CLUSTER} has been scheduled discover
2021-10-25 21:24:44 -[ServerConnector]task for service ServiceUpdateTask{taskType=LONG_RUNNING, taskStatus=RUNNING, serviceEventKey=ServiceEventKey{serviceKey=ServiceKey{namespace='default', service='DiscoveryCallerService'}, eventType=ROUTING}, targetClusterType=SERVICE_DISCOVER_CLUSTER} has been scheduled discover
2021-10-25 21:24:44 -[ServerConnector]task for service ServiceUpdateTask{taskType=LONG_RUNNING, taskStatus=RUNNING, serviceEventKey=ServiceEventKey{serviceKey=ServiceKey{namespace='default', service='DiscoveryCalleeService'}, eventType=INSTANCE}, targetClusterType=SERVICE_DISCOVER_CLUSTER} has been scheduled discover
2021-10-25 21:24:45 -[ServerConnector]task for service ServiceUpdateTask{taskType=LONG_RUNNING, taskStatus=RUNNING, serviceEventKey=ServiceEventKey{serviceKey=ServiceKey{namespace='default', service='DiscoveryCalleeService'}, eventType=ROUTING}, targetClusterType=SERVICE_DISCOVER_CLUSTER} has been scheduled discover
2021-10-25 21:24:47 -[ServerConnector]task for service ServiceUpdateTask{taskType=LONG_RUNNING, taskStatus=RUNNING, serviceEventKey=ServiceEventKey{serviceKey=ServiceKey{namespace='default', service='DiscoveryCallerService'}, eventType=ROUTING}, targetClusterType=SERVICE_DISCOVER_CLUSTER} has been scheduled discover
2021-10-25 21:24:47 -[ServerConnector]task for service ServiceUpdateTask{taskType=LONG_RUNNING, taskStatus=RUNNING, serviceEventKey=ServiceEventKey{serviceKey=ServiceKey{namespace='default', service='DiscoveryCalleeService'}, eventType=INSTANCE}, targetClusterType=SERVICE_DISCOVER_CLUSTER} has been scheduled discover
2021-10-25 21:24:47 -[ServerConnector]task for service ServiceUpdateTask{taskType=LONG_RUNNING, taskStatus=RUNNING, serviceEventKey=ServiceEventKey{serviceKey=ServiceKey{namespace='default', service='DiscoveryCalleeService'}, eventType=ROUTING}, targetClusterType=SERVICE_DISCOVER_CLUSTER} has been scheduled discover
2021-10-25 21:24:49 -[ServerConnector]task for service ServiceUpdateTask{taskType=LONG_RUNNING, taskStatus=RUNNING, serviceEventKey=ServiceEventKey{serviceKey=ServiceKey{namespace='default', service='DiscoveryCallerService'}, eventType=ROUTING}, targetClusterType=SERVICE_DISCOVER_CLUSTER} has been scheduled discover
2021-10-25 21:24:50 -[ServerConnector]task for service ServiceUpdateTask{taskType=LONG_RUNNING, taskStatus=RUNNING, serviceEventKey=ServiceEventKey{serviceKey=ServiceKey{namespace='default', service='DiscoveryCalleeService'}, eventType=ROUTING}, targetClusterType=SERVICE_DISCOVER_CLUSTER} has been scheduled discover
2021-10-25 21:24:50 -[ServerConnector]task for service ServiceUpdateTask{taskType=LONG_RUNNING, taskStatus=RUNNING, serviceEventKey=ServiceEventKey{serviceKey=ServiceKey{namespace='default', service='DiscoveryCalleeService'}, eventType=INSTANCE}, targetClusterType=SERVICE_DISCOVER_CLUSTER} has been scheduled discover
2021-10-25 21:24:52 -[ServerConnector]task for service ServiceUpdateTask{taskType=LONG_RUNNING, taskStatus=RUNNING, serviceEventKey=ServiceEventKey{serviceKey=ServiceKey{namespace='default', service='DiscoveryCallerService'}, eventType=ROUTING}, targetClusterType=SERVICE_DISCOVER_CLUSTER} has been scheduled discover
2021-10-25 21:24:52 -[ServerConnector]task for service ServiceUpdateTask{taskType=LONG_RUNNING, taskStatus=RUNNING, serviceEventKey=ServiceEventKey{serviceKey=ServiceKey{namespace='default', service='DiscoveryCalleeService'}, eventType=ROUTING}, targetClusterType=SERVICE_DISCOVER_CLUSTER} has been scheduled discover
2021-10-25 21:24:53 -[ServerConnector]task for service ServiceUpdateTask{taskType=LONG_RUNNING, taskStatus=RUNNING, serviceEventKey=ServiceEventKey{serviceKey=ServiceKey{namespace='default', service='DiscoveryCalleeService'}, eventType=INSTANCE}, targetClusterType=SERVICE_DISCOVER_CLUSTER} has been scheduled discover
2021-10-25 21:24:54 -[ServerConnector]task for service ServiceUpdateTask{taskType=LONG_RUNNING, taskStatus=RUNNING, serviceEventKey=ServiceEventKey{serviceKey=ServiceKey{namespace='default', service='DiscoveryCallerService'}, eventType=ROUTING}, targetClusterType=SERVICE_DISCOVER_CLUSTER} has been scheduled discover
2021-10-25 21:24:55 -[ServerConnector]task for service ServiceUpdateTask{taskType=LONG_RUNNING, taskStatus=RUNNING, serviceEventKey=ServiceEventKey{serviceKey=ServiceKey{namespace='default', service='DiscoveryCalleeService'}, eventType=ROUTING}, targetClusterType=SERVICE_DISCOVER_CLUSTER} has been scheduled discover
2021-10-25 21:24:56 -[ServerConnector]task for service ServiceUpdateTask{taskType=LONG_RUNNING, taskStatus=RUNNING, serviceEventKey=ServiceEventKey{serviceKey=ServiceKey{namespace='default', service='DiscoveryCalleeService'}, eventType=INSTANCE}, targetClusterType=SERVICE_DISCOVER_CLUSTER} has been scheduled discover
2021-10-25 21:24:57 -[ServerConnector]task for service ServiceUpdateTask{taskType=LONG_RUNNING, taskStatus=RUNNING, serviceEventKey=ServiceEventKey{serviceKey=ServiceKey{namespace='default', service='DiscoveryCallerService'}, eventType=ROUTING}, targetClusterType=SERVICE_DISCOVER_CLUSTER} has been scheduled discover
2021-10-25 21:24:57 -[ServerConnector]task for service ServiceUpdateTask{taskType=LONG_RUNNING, taskStatus=RUNNING, serviceEventKey=ServiceEventKey{serviceKey=ServiceKey{namespace='default', service='DiscoveryCalleeService'}, eventType=ROUTING}, targetClusterType=SERVICE_DISCOVER_CLUSTER} has been scheduled discover
2021-10-25 21:24:59 -[ServerConnector]task for service ServiceUpdateTask{taskType=LONG_RUNNING, taskStatus=RUNNING, serviceEventKey=ServiceEventKey{serviceKey=ServiceKey{namespace='default', service='DiscoveryCallerService'}, eventType=ROUTING}, targetClusterType=SERVICE_DISCOVER_CLUSTER} has been scheduled discover
2021-10-25 21:24:59 -[ServerConnector]task for service ServiceUpdateTask{taskType=LONG_RUNNING, taskStatus=RUNNING, serviceEventKey=ServiceEventKey{serviceKey=ServiceKey{namespace='default', service='DiscoveryCalleeService'}, eventType=INSTANCE}, targetClusterType=SERVICE_DISCOVER_CLUSTER} has been scheduled discover
2021-10-25 21:25:00 -[ServerConnector]task for service ServiceUpdateTask{taskType=LONG_RUNNING, taskStatus=RUNNING, serviceEventKey=ServiceEventKey{serviceKey=ServiceKey{namespace='default', service='DiscoveryCalleeService'}, eventType=ROUTING}, targetClusterType=SERVICE_DISCOVER_CLUSTER} has been scheduled discover
2021-10-25 21:25:02 -[ServerConnector]task for service ServiceUpdateTask{taskType=LONG_RUNNING, taskStatus=RUNNING, serviceEventKey=ServiceEventKey{serviceKey=ServiceKey{namespace='default', service='DiscoveryCallerService'}, eventType=ROUTING}, targetClusterType=SERVICE_DISCOVER_CLUSTER} has been scheduled discover
2021-10-25 21:25:02 -[ServerConnector]task for service ServiceUpdateTask{taskType=LONG_RUNNING, taskStatus=RUNNING, serviceEventKey=ServiceEventKey{serviceKey=ServiceKey{namespace='default', service='DiscoveryCalleeService'}, eventType=INSTANCE}, targetClusterType=SERVICE_DISCOVER_CLUSTER} has been scheduled discover
2021-10-25 21:25:02 -[ServerConnector]task for service ServiceUpdateTask{taskType=LONG_RUNNING, taskStatus=RUNNING, serviceEventKey=ServiceEventKey{serviceKey=ServiceKey{namespace='default', service='DiscoveryCalleeService'}, eventType=ROUTING}, targetClusterType=SERVICE_DISCOVER_CLUSTER} has been scheduled discover
2021-10-25 21:25:04 -[ServerConnector]task for service ServiceUpdateTask{taskType=LONG_RUNNING, taskStatus=RUNNING, serviceEventKey=ServiceEventKey{serviceKey=ServiceKey{namespace='default', service='DiscoveryCallerService'}, eventType=ROUTING}, targetClusterType=SERVICE_DISCOVER_CLUSTER} has been scheduled discover
2021-10-25 21:25:05 -[ServerConnector]task for service ServiceUpdateTask{taskType=LONG_RUNNING, taskStatus=RUNNING, serviceEventKey=ServiceEventKey{serviceKey=ServiceKey{namespace='default', service='DiscoveryCalleeService'}, eventType=ROUTING}, targetClusterType=SERVICE_DISCOVER_CLUSTER} has been scheduled discover
2021-10-25 21:25:05 -[ServerConnector]task for service ServiceUpdateTask{taskType=LONG_RUNNING, taskStatus=RUNNING, serviceEventKey=ServiceEventKey{serviceKey=ServiceKey{namespace='default', service='DiscoveryCalleeService'}, eventType=INSTANCE}, targetClusterType=SERVICE_DISCOVER_CLUSTER} has been scheduled discover
2021-10-25 21:25:07 -[ServerConnector]task for service ServiceUpdateTask{taskType=LONG_RUNNING, taskStatus=RUNNING, serviceEventKey=ServiceEventKey{serviceKey=ServiceKey{namespace='default', service='DiscoveryCallerService'}, eventType=ROUTING}, targetClusterType=SERVICE_DISCOVER_CLUSTER} has been scheduled discover
2021-10-25 21:25:07 -[ServerConnector]task for service ServiceUpdateTask{taskType=LONG_RUNNING, taskStatus=RUNNING, serviceEventKey=ServiceEventKey{serviceKey=ServiceKey{namespace='default', service='DiscoveryCalleeService'}, eventType=ROUTING}, targetClusterType=SERVICE_DISCOVER_CLUSTER} has been scheduled discover
2021-10-25 21:25:08 -[ServerConnector]task for service ServiceUpdateTask{taskType=LONG_RUNNING, taskStatus=RUNNING, serviceEventKey=ServiceEventKey{serviceKey=ServiceKey{namespace='default', service='DiscoveryCalleeService'}, eventType=INSTANCE}, targetClusterType=SERVICE_DISCOVER_CLUSTER} has been scheduled discover
2021-10-25 21:25:09 -[ServerConnector]task for service ServiceUpdateTask{taskType=LONG_RUNNING, taskStatus=RUNNING, serviceEventKey=ServiceEventKey{serviceKey=ServiceKey{namespace='default', service='DiscoveryCallerService'}, eventType=ROUTING}, targetClusterType=SERVICE_DISCOVER_CLUSTER} has been scheduled discover
2021-10-25 21:25:10 -[ServerConnector]task for service ServiceUpdateTask{taskType=LONG_RUNNING, taskStatus=RUNNING, serviceEventKey=ServiceEventKey{serviceKey=ServiceKey{namespace='default', service='DiscoveryCalleeService'}, eventType=ROUTING}, targetClusterType=SERVICE_DISCOVER_CLUSTER} has been scheduled discover
2021-10-25 21:25:11 -[ServerConnector]task for service ServiceUpdateTask{taskType=LONG_RUNNING, taskStatus=RUNNING, serviceEventKey=ServiceEventKey{serviceKey=ServiceKey{namespace='default', service='DiscoveryCalleeService'}, eventType=INSTANCE}, targetClusterType=SERVICE_DISCOVER_CLUSTER} has been scheduled discover
2021-10-25 21:25:12 -[ServerConnector]task for service ServiceUpdateTask{taskType=LONG_RUNNING, taskStatus=RUNNING, serviceEventKey=ServiceEventKey{serviceKey=ServiceKey{namespace='default', service='DiscoveryCallerService'}, eventType=ROUTING}, targetClusterType=SERVICE_DISCOVER_CLUSTER} has been scheduled discover
2021-10-25 21:25:12 -[ServerConnector]task for service ServiceUpdateTask{taskType=LONG_RUNNING, taskStatus=RUNNING, serviceEventKey=ServiceEventKey{serviceKey=ServiceKey{namespace='default', service='DiscoveryCalleeService'}, eventType=ROUTING}, targetClusterType=SERVICE_DISCOVER_CLUSTER} has been scheduled discover
2021-10-25 21:25:14 -[ServerConnector]task for service ServiceUpdateTask{taskType=LONG_RUNNING, taskStatus=RUNNING, serviceEventKey=ServiceEventKey{serviceKey=ServiceKey{namespace='default', service='DiscoveryCallerService'}, eventType=ROUTING}, targetClusterType=SERVICE_DISCOVER_CLUSTER} has been scheduled discover
2021-10-25 21:25:14 -[ServerConnector]task for service ServiceUpdateTask{taskType=LONG_RUNNING, taskStatus=RUNNING, serviceEventKey=ServiceEventKey{serviceKey=ServiceKey{namespace='default', service='DiscoveryCalleeService'}, eventType=INSTANCE}, targetClusterType=SERVICE_DISCOVER_CLUSTER} has been scheduled discover
2021-10-25 21:25:15 -[ServerConnector]task for service ServiceUpdateTask{taskType=LONG_RUNNING, taskStatus=RUNNING, serviceEventKey=ServiceEventKey{serviceKey=ServiceKey{namespace='default', service='DiscoveryCalleeService'}, eventType=ROUTING}, targetClusterType=SERVICE_DISCOVER_CLUSTER} has been scheduled discover
2021-10-25 21:25:17 -[ServerConnector]task for service ServiceUpdateTask{taskType=LONG_RUNNING, taskStatus=RUNNING, serviceEventKey=ServiceEventKey{serviceKey=ServiceKey{namespace='default', service='DiscoveryCallerService'}, eventType=ROUTING}, targetClusterType=SERVICE_DISCOVER_CLUSTER} has been scheduled discover
2021-10-25 21:25:17 -[ServerConnector]task for service ServiceUpdateTask{taskType=LONG_RUNNING, taskStatus=RUNNING, serviceEventKey=ServiceEventKey{serviceKey=ServiceKey{namespace='default', service='DiscoveryCalleeService'}, eventType=INSTANCE}, targetClusterType=SERVICE_DISCOVER_CLUSTER} has been scheduled discover
2021-10-25 21:25:17 -[ServerConnector]task for service ServiceUpdateTask{taskType=LONG_RUNNING, taskStatus=RUNNING, serviceEventKey=ServiceEventKey{serviceKey=ServiceKey{namespace='default', service='DiscoveryCalleeService'}, eventType=ROUTING}, targetClusterType=SERVICE_DISCOVER_CLUSTER} has been scheduled discover
2021-10-25 21:25:19 -[ServerConnector]task for service ServiceUpdateTask{taskType=LONG_RUNNING, taskStatus=RUNNING, serviceEventKey=ServiceEventKey{serviceKey=ServiceKey{namespace='default', service='DiscoveryCallerService'}, eventType=ROUTING}, targetClusterType=SERVICE_DISCOVER_CLUSTER} has been scheduled discover
2021-10-25 21:25:20 -[ServerConnector]task for service ServiceUpdateTask{taskType=LONG_RUNNING, taskStatus=RUNNING, serviceEventKey=ServiceEventKey{serviceKey=ServiceKey{namespace='default', service='DiscoveryCalleeService'}, eventType=ROUTING}, targetClusterType=SERVICE_DISCOVER_CLUSTER} has been scheduled discover
2021-10-25 21:25:20 -[ServerConnector]task for service ServiceUpdateTask{taskType=LONG_RUNNING, taskStatus=RUNNING, serviceEventKey=ServiceEventKey{serviceKey=ServiceKey{namespace='default', service='DiscoveryCalleeService'}, eventType=INSTANCE}, targetClusterType=SERVICE_DISCOVER_CLUSTER} has been scheduled discover
2021-10-25 21:25:22 -[ServerConnector]task for service ServiceUpdateTask{taskType=LONG_RUNNING, taskStatus=RUNNING, serviceEventKey=ServiceEventKey{serviceKey=ServiceKey{namespace='default', service='DiscoveryCallerService'}, eventType=ROUTING}, targetClusterType=SERVICE_DISCOVER_CLUSTER} has been scheduled discover
2021-10-25 21:25:23 -[ServerConnector]task for service ServiceUpdateTask{taskType=LONG_RUNNING, taskStatus=RUNNING, serviceEventKey=ServiceEventKey{serviceKey=ServiceKey{namespace='default', service='DiscoveryCalleeService'}, eventType=ROUTING}, targetClusterType=SERVICE_DISCOVER_CLUSTER} has been scheduled discover
2021-10-25 21:25:24 -[ServerConnector]task for service ServiceUpdateTask{taskType=LONG_RUNNING, taskStatus=RUNNING, serviceEventKey=ServiceEventKey{serviceKey=ServiceKey{namespace='default', service='DiscoveryCalleeService'}, eventType=INSTANCE}, targetClusterType=SERVICE_DISCOVER_CLUSTER} has been scheduled discover
2021-10-25 21:25:25 -[ServerConnector]task for service ServiceUpdateTask{taskType=LONG_RUNNING, taskStatus=RUNNING, serviceEventKey=ServiceEventKey{serviceKey=ServiceKey{namespace='default', service='DiscoveryCallerService'}, eventType=ROUTING}, targetClusterType=SERVICE_DISCOVER_CLUSTER} has been scheduled discover
2021-10-25 21:25:25 -[ServerConnector]task for service ServiceUpdateTask{taskType=LONG_RUNNING, taskStatus=RUNNING, serviceEventKey=ServiceEventKey{serviceKey=ServiceKey{namespace='default', service='DiscoveryCalleeService'}, eventType=ROUTING}, targetClusterType=SERVICE_DISCOVER_CLUSTER} has been scheduled discover
2021-10-25 21:25:27 -[ServerConnector]task for service ServiceUpdateTask{taskType=LONG_RUNNING, taskStatus=RUNNING, serviceEventKey=ServiceEventKey{serviceKey=ServiceKey{namespace='default', service='DiscoveryCalleeService'}, eventType=INSTANCE}, targetClusterType=SERVICE_DISCOVER_CLUSTER} has been scheduled discover
2021-10-25 21:25:27 -[ServerConnector]task for service ServiceUpdateTask{taskType=LONG_RUNNING, taskStatus=RUNNING, serviceEventKey=ServiceEventKey{serviceKey=ServiceKey{namespace='default', service='DiscoveryCallerService'}, eventType=ROUTING}, targetClusterType=SERVICE_DISCOVER_CLUSTER} has been scheduled discover
2021-10-25 21:25:28 -[ServerConnector]task for service ServiceUpdateTask{taskType=LONG_RUNNING, taskStatus=RUNNING, serviceEventKey=ServiceEventKey{serviceKey=ServiceKey{namespace='default', service='DiscoveryCalleeService'}, eventType=ROUTING}, targetClusterType=SERVICE_DISCOVER_CLUSTER} has been scheduled discover
2021-10-25 21:25:30 -[ServerConnector]task for service ServiceUpdateTask{taskType=LONG_RUNNING, taskStatus=RUNNING, serviceEventKey=ServiceEventKey{serviceKey=ServiceKey{namespace='default', service='DiscoveryCallerService'}, eventType=ROUTING}, targetClusterType=SERVICE_DISCOVER_CLUSTER} has been scheduled discover
2021-10-25 21:25:30 -[ServerConnector]task for service ServiceUpdateTask{taskType=LONG_RUNNING, taskStatus=RUNNING, serviceEventKey=ServiceEventKey{serviceKey=ServiceKey{namespace='default', service='DiscoveryCalleeService'}, eventType=INSTANCE}, targetClusterType=SERVICE_DISCOVER_CLUSTER} has been scheduled discover
2021-10-25 21:25:30 -[ServerConnector]task for service ServiceUpdateTask{taskType=LONG_RUNNING, taskStatus=RUNNING, serviceEventKey=ServiceEventKey{serviceKey=ServiceKey{namespace='default', service='DiscoveryCalleeService'}, eventType=ROUTING}, targetClusterType=SERVICE_DISCOVER_CLUSTER} has been scheduled discover
2021-10-25 21:25:32 -[ServerConnector]task for service ServiceUpdateTask{taskType=LONG_RUNNING, taskStatus=RUNNING, serviceEventKey=ServiceEventKey{serviceKey=ServiceKey{namespace='default', service='DiscoveryCallerService'}, eventType=ROUTING}, targetClusterType=SERVICE_DISCOVER_CLUSTER} has been scheduled discover
2021-10-25 21:25:33 -[ServerConnector]task for service ServiceUpdateTask{taskType=LONG_RUNNING, taskStatus=RUNNING, serviceEventKey=ServiceEventKey{serviceKey=ServiceKey{namespace='default', service='DiscoveryCalleeService'}, eventType=INSTANCE}, targetClusterType=SERVICE_DISCOVER_CLUSTER} has been scheduled discover
2021-10-25 21:25:33 -[ServerConnector]task for service ServiceUpdateTask{taskType=LONG_RUNNING, taskStatus=RUNNING, serviceEventKey=ServiceEventKey{serviceKey=ServiceKey{namespace='default', service='DiscoveryCalleeService'}, eventType=ROUTING}, targetClusterType=SERVICE_DISCOVER_CLUSTER} has been scheduled discover
2021-10-25 21:25:35 -[ServerConnector]task for service ServiceUpdateTask{taskType=LONG_RUNNING, taskStatus=RUNNING, serviceEventKey=ServiceEventKey{serviceKey=ServiceKey{namespace='default', service='DiscoveryCallerService'}, eventType=ROUTING}, targetClusterType=SERVICE_DISCOVER_CLUSTER} has been scheduled discover
2021-10-25 21:25:35 -[ServerConnector]task for service ServiceUpdateTask{taskType=LONG_RUNNING, taskStatus=RUNNING, serviceEventKey=ServiceEventKey{serviceKey=ServiceKey{namespace='default', service='DiscoveryCalleeService'}, eventType=ROUTING}, targetClusterType=SERVICE_DISCOVER_CLUSTER} has been scheduled discover
2021-10-25 21:25:36 -[ServerConnector]task for service ServiceUpdateTask{taskType=LONG_RUNNING, taskStatus=RUNNING, serviceEventKey=ServiceEventKey{serviceKey=ServiceKey{namespace='default', service='DiscoveryCalleeService'}, eventType=INSTANCE}, targetClusterType=SERVICE_DISCOVER_CLUSTER} has been scheduled discover
2021-10-25 21:25:37 -[ServerConnector]task for service ServiceUpdateTask{taskType=LONG_RUNNING, taskStatus=RUNNING, serviceEventKey=ServiceEventKey{serviceKey=ServiceKey{namespace='default', service='DiscoveryCallerService'}, eventType=ROUTING}, targetClusterType=SERVICE_DISCOVER_CLUSTER} has been scheduled discover
2021-10-25 21:25:38 -[ServerConnector]task for service ServiceUpdateTask{taskType=LONG_RUNNING, taskStatus=RUNNING, serviceEventKey=ServiceEventKey{serviceKey=ServiceKey{namespace='default', service='DiscoveryCalleeService'}, eventType=ROUTING}, targetClusterType=SERVICE_DISCOVER_CLUSTER} has been scheduled discover
2021-10-25 21:25:39 -[ServerConnector]task for service ServiceUpdateTask{taskType=LONG_RUNNING, taskStatus=RUNNING, serviceEventKey=ServiceEventKey{serviceKey=ServiceKey{namespace='default', service='DiscoveryCalleeService'}, eventType=INSTANCE}, targetClusterType=SERVICE_DISCOVER_CLUSTER} has been scheduled discover
2021-10-25 21:25:40 -[ServerConnector]task for service ServiceUpdateTask{taskType=LONG_RUNNING, taskStatus=RUNNING, serviceEventKey=ServiceEventKey{serviceKey=ServiceKey{namespace='default', service='DiscoveryCallerService'}, eventType=ROUTING}, targetClusterType=SERVICE_DISCOVER_CLUSTER} has been scheduled discover
2021-10-25 21:25:40 -[ServerConnector]task for service ServiceUpdateTask{taskType=LONG_RUNNING, taskStatus=RUNNING, serviceEventKey=ServiceEventKey{serviceKey=ServiceKey{namespace='default', service='DiscoveryCalleeService'}, eventType=ROUTING}, targetClusterType=SERVICE_DISCOVER_CLUSTER} has been scheduled discover
2021-10-25 21:25:42 -[ServerConnector]task for service ServiceUpdateTask{taskType=LONG_RUNNING, taskStatus=RUNNING, serviceEventKey=ServiceEventKey{serviceKey=ServiceKey{namespace='default', service='DiscoveryCalleeService'}, eventType=INSTANCE}, targetClusterType=SERVICE_DISCOVER_CLUSTER} has been scheduled discover
2021-10-25 21:25:42 -[ServerConnector]task for service ServiceUpdateTask{taskType=LONG_RUNNING, taskStatus=RUNNING, serviceEventKey=ServiceEventKey{serviceKey=ServiceKey{namespace='default', service='DiscoveryCallerService'}, eventType=ROUTING}, targetClusterType=SERVICE_DISCOVER_CLUSTER} has been scheduled discover
2021-10-25 21:25:43 -[ServerConnector]task for service ServiceUpdateTask{taskType=LONG_RUNNING, taskStatus=RUNNING, serviceEventKey=ServiceEventKey{serviceKey=ServiceKey{namespace='default', service='DiscoveryCalleeService'}, eventType=ROUTING}, targetClusterType=SERVICE_DISCOVER_CLUSTER} has been scheduled discover
